2025-04-11 16:48:12,400 : WARN  : comm-pool-thread-1 :  : Node : File Reader : 3:16 : Please specify a file
2025-04-11 16:48:16,694 : ERROR : main :  : KnimeBrowserView :  :  : %cerror%c RPC Client:: Error RPC request 
      background: #c0392b;
      border-radius: 0.5em;
      color: white;
      font-weight: bold;
      padding: 2px 0.5em;
      Error: No such node ID: 3:14 valid [3:4, 3:5, 3:9, 3:10, 3:12, 3:15, 3:16] (source: http://org.knime.ui.java/assets/index-L_Vmx7rg.js; line: 87)
2025-04-11 16:48:16,699 : ERROR : main :  : KnimeBrowserView :  :  : %cerror%c Unhandled rejection:: 
      background: #c0392b;
      border-radius: 0.5em;
      color: white;
      font-weight: bold;
      padding: 2px 0.5em;
      [object Object] (source: http://org.knime.ui.java/assets/index-L_Vmx7rg.js; line: 87)
2025-04-11 16:48:16,701 : ERROR : main :  : KnimeBrowserView :  :  : Uncaught (in promise) Error: No such node ID: 3:14 valid [3:4, 3:5, 3:9, 3:10, 3:12, 3:15, 3:16] (source: http://org.knime.ui.java/assets/index-L_Vmx7rg.js; line: 45)
2025-04-11 16:48:55,813 : WARN  : main :  : Node : Decision Tree Learner : 3:10 : Class column "income" not found or incompatible
2025-04-11 16:48:57,301 : WARN  : main :  : Node : Decision Tree Learner : 3:10 : Class column "income" not found or incompatible
2025-04-11 16:49:04,033 : ERROR : KNIME-Worker-1-File Reader 3:16 :  : Node : File Reader : 3:16 : Execute failed: The data row has too many data elements.
java.lang.IllegalArgumentException: The data row has too many data elements.
	at org.knime.core.node.util.CheckUtils.checkArgument(CheckUtils.java:259)
	at org.knime.core.node.util.CheckUtils.checkArgument(CheckUtils.java:120)
	at org.knime.filehandling.core.node.table.reader.read.CheckSameSizeRead.next(CheckSameSizeRead.java:84)
	at org.knime.filehandling.core.node.table.reader.read.SkipIdxRead.next(SkipIdxRead.java:85)
	at org.knime.filehandling.core.node.table.reader.DefaultIndividualTableReader.fillOutputWithProgress(DefaultIndividualTableReader.java:143)
	at org.knime.filehandling.core.node.table.reader.DefaultIndividualTableReader.fillOutput(DefaultIndividualTableReader.java:121)
	at org.knime.filehandling.core.node.table.reader.DefaultStagedMultiTableRead$ParallelMultiTableRead$TableChunkReader.readTableChunk(DefaultStagedMultiTableRead.java:406)
	at org.knime.filehandling.core.node.table.reader.DefaultStagedMultiTableRead$ParallelMultiTableRead.readTable(DefaultStagedMultiTableRead.java:297)
	at org.knime.filehandling.core.node.table.reader.MultiTableReader.readTable(MultiTableReader.java:178)
	at org.knime.filehandling.core.node.table.reader.TableReaderNodeModel.execute(TableReaderNodeModel.java:160)
	at org.knime.core.node.NodeModel.executeModel(NodeModel.java:596)
	at org.knime.core.node.Node.invokeFullyNodeModelExecute(Node.java:1284)
	at org.knime.core.node.Node.execute(Node.java:1049)
	at org.knime.core.node.workflow.NativeNodeContainer.performExecuteNode(NativeNodeContainer.java:603)
	at org.knime.core.node.exec.LocalNodeExecutionJob.mainExecute(LocalNodeExecutionJob.java:98)
	at org.knime.core.node.workflow.NodeExecutionJob.internalRun(NodeExecutionJob.java:198)
	at org.knime.core.node.workflow.NodeExecutionJob.run(NodeExecutionJob.java:117)
	at org.knime.core.util.ThreadUtils$RunnableWithContextImpl.runWithContext(ThreadUtils.java:369)
	at org.knime.core.util.ThreadUtils$RunnableWithContext.run(ThreadUtils.java:223)
	at java.base/java.util.concurrent.Executors$RunnableAdapter.call(Unknown Source)
	at java.base/java.util.concurrent.FutureTask.run(Unknown Source)
	at org.knime.core.util.ThreadPool$MyFuture.run(ThreadPool.java:123)
	at org.knime.core.util.ThreadPool$Worker.run(ThreadPool.java:246)
2025-04-11 16:49:24,153 : WARN  : main :  : Node : Decision Tree Learner : 3:10 : Class column "income" not found or incompatible
2025-04-11 16:49:25,583 : WARN  : main :  : Node : Decision Tree Learner : 3:10 : Class column "income" not found or incompatible
2025-04-11 16:49:27,324 : WARN  : KNIME-Worker-1-File Reader 3:16 :  : Node : Decision Tree Learner : 3:10 : Class column "income" not found or incompatible
2025-04-11 16:49:40,231 : WARN  : KNIME-Worker-1-Partitioning 3:5 :  : Node : Decision Tree Learner : 3:10 : Class column "income" not found or incompatible
2025-04-11 16:50:16,643 : WARN  : KNIME-Worker-1-Decision Tree Learner 3:10 :  : Node : Scorer : 3:12 : Column 'income' not found.
2025-04-11 16:50:19,017 : WARN  : KNIME-Worker-2-Decision Tree Predictor 3:4 :  : Node : Scorer : 3:12 : Column 'income' not found.
2025-04-11 16:50:38,298 : WARN  : main :  : WrappedNodeDialog : Scorer : 3:12 : failed to apply settings: First and second column cannot be the same.
org.knime.core.node.InvalidSettingsException: First and second column cannot be the same.
	at org.knime.base.node.mine.scorer.accuracy.AccuracyScorer2NodeDialog.saveSettingsTo(AccuracyScorer2NodeDialog.java:349)
	at org.knime.core.node.NodeDialogPane.internalSaveSettingsTo(NodeDialogPane.java:553)
	at org.knime.core.node.NodeDialogPane$4.run(NodeDialogPane.java:792)
	at org.knime.core.node.util.ViewUtils$3.run(ViewUtils.java:353)
	at org.knime.core.node.util.ViewUtils$2.run(ViewUtils.java:155)
	at java.desktop/java.awt.event.InvocationEvent.dispatch(Unknown Source)
	at java.desktop/java.awt.EventQueue.dispatchEventImpl(Unknown Source)
	at java.desktop/java.awt.EventQueue$4.run(Unknown Source)
	at java.desktop/java.awt.EventQueue$4.run(Unknown Source)
	at java.base/java.security.AccessController.doPrivileged(Unknown Source)
	at java.base/java.security.ProtectionDomain$JavaSecurityAccessImpl.doIntersectionPrivilege(Unknown Source)
	at java.desktop/java.awt.EventQueue.dispatchEvent(Unknown Source)
	at java.desktop/java.awt.EventDispatchThread.pumpOneEventForFilters(Unknown Source)
	at java.desktop/java.awt.EventDispatchThread.pumpEventsForFilter(Unknown Source)
	at java.desktop/java.awt.EventDispatchThread.pumpEventsForHierarchy(Unknown Source)
	at java.desktop/java.awt.EventDispatchThread.pumpEvents(Unknown Source)
	at java.desktop/java.awt.EventDispatchThread.pumpEvents(Unknown Source)
	at java.desktop/java.awt.EventDispatchThread.run(Unknown Source)
2025-04-11 16:50:40,695 : WARN  : main :  : WrappedNodeDialog : Scorer : 3:12 : failed to apply settings: First and second column cannot be the same.
org.knime.core.node.InvalidSettingsException: First and second column cannot be the same.
	at org.knime.base.node.mine.scorer.accuracy.AccuracyScorer2NodeDialog.saveSettingsTo(AccuracyScorer2NodeDialog.java:349)
	at org.knime.core.node.NodeDialogPane.internalSaveSettingsTo(NodeDialogPane.java:553)
	at org.knime.core.node.NodeDialogPane$4.run(NodeDialogPane.java:792)
	at org.knime.core.node.util.ViewUtils$3.run(ViewUtils.java:353)
	at org.knime.core.node.util.ViewUtils$2.run(ViewUtils.java:155)
	at java.desktop/java.awt.event.InvocationEvent.dispatch(Unknown Source)
	at java.desktop/java.awt.EventQueue.dispatchEventImpl(Unknown Source)
	at java.desktop/java.awt.EventQueue$4.run(Unknown Source)
	at java.desktop/java.awt.EventQueue$4.run(Unknown Source)
	at java.base/java.security.AccessController.doPrivileged(Unknown Source)
	at java.base/java.security.ProtectionDomain$JavaSecurityAccessImpl.doIntersectionPrivilege(Unknown Source)
	at java.desktop/java.awt.EventQueue.dispatchEvent(Unknown Source)
	at java.desktop/java.awt.EventDispatchThread.pumpOneEventForFilters(Unknown Source)
	at java.desktop/java.awt.EventDispatchThread.pumpEventsForFilter(Unknown Source)
	at java.desktop/java.awt.EventDispatchThread.pumpEventsForHierarchy(Unknown Source)
	at java.desktop/java.awt.EventDispatchThread.pumpEvents(Unknown Source)
	at java.desktop/java.awt.EventDispatchThread.pumpEvents(Unknown Source)
	at java.desktop/java.awt.EventDispatchThread.run(Unknown Source)
2025-04-11 16:51:13,659 : WARN  : comm-pool-thread-1 :  : Node : File Reader : 3:1 : Please specify a file
2025-04-11 16:54:20,202 : WARN  : comm-pool-thread-1 :  : Node : Decision Tree Learner : 3:3 : Guessing target column: "REASON".
2025-04-11 16:54:21,206 : ERROR : KNIME-Worker-3-Decision Tree Learner 3:3 :  : Node : Decision Tree Learner : 3:3 : Execute failed: Class column contains only missing values
java.lang.IllegalArgumentException: Class column contains only missing values
	at org.knime.base.node.mine.decisiontree2.learner2.DecisionTreeLearnerNodeModel2.execute(DecisionTreeLearnerNodeModel2.java:498)
	at org.knime.core.node.NodeModel.executeModel(NodeModel.java:596)
	at org.knime.core.node.Node.invokeFullyNodeModelExecute(Node.java:1284)
	at org.knime.core.node.Node.execute(Node.java:1049)
	at org.knime.core.node.workflow.NativeNodeContainer.performExecuteNode(NativeNodeContainer.java:603)
	at org.knime.core.node.exec.LocalNodeExecutionJob.mainExecute(LocalNodeExecutionJob.java:98)
	at org.knime.core.node.workflow.NodeExecutionJob.internalRun(NodeExecutionJob.java:198)
	at org.knime.core.node.workflow.NodeExecutionJob.run(NodeExecutionJob.java:117)
	at org.knime.core.util.ThreadUtils$RunnableWithContextImpl.runWithContext(ThreadUtils.java:369)
	at org.knime.core.util.ThreadUtils$RunnableWithContext.run(ThreadUtils.java:223)
	at java.base/java.util.concurrent.Executors$RunnableAdapter.call(Unknown Source)
	at java.base/java.util.concurrent.FutureTask.run(Unknown Source)
	at org.knime.core.util.ThreadPool$MyFuture.run(ThreadPool.java:123)
	at org.knime.core.util.ThreadPool$Worker.run(ThreadPool.java:246)
2025-04-11 16:54:26,209 : ERROR : KNIME-Worker-4-Decision Tree Learner 3:3 :  : Node : Decision Tree Learner : 3:3 : Execute failed: Class column contains only missing values
java.lang.IllegalArgumentException: Class column contains only missing values
	at org.knime.base.node.mine.decisiontree2.learner2.DecisionTreeLearnerNodeModel2.execute(DecisionTreeLearnerNodeModel2.java:498)
	at org.knime.core.node.NodeModel.executeModel(NodeModel.java:596)
	at org.knime.core.node.Node.invokeFullyNodeModelExecute(Node.java:1284)
	at org.knime.core.node.Node.execute(Node.java:1049)
	at org.knime.core.node.workflow.NativeNodeContainer.performExecuteNode(NativeNodeContainer.java:603)
	at org.knime.core.node.exec.LocalNodeExecutionJob.mainExecute(LocalNodeExecutionJob.java:98)
	at org.knime.core.node.workflow.NodeExecutionJob.internalRun(NodeExecutionJob.java:198)
	at org.knime.core.node.workflow.NodeExecutionJob.run(NodeExecutionJob.java:117)
	at org.knime.core.util.ThreadUtils$RunnableWithContextImpl.runWithContext(ThreadUtils.java:369)
	at org.knime.core.util.ThreadUtils$RunnableWithContext.run(ThreadUtils.java:223)
	at java.base/java.util.concurrent.Executors$RunnableAdapter.call(Unknown Source)
	at java.base/java.util.concurrent.FutureTask.run(Unknown Source)
	at org.knime.core.util.ThreadPool$MyFuture.run(ThreadPool.java:123)
	at org.knime.core.util.ThreadPool$Worker.run(ThreadPool.java:246)
2025-04-11 16:54:27,879 : ERROR : KNIME-Worker-3-Decision Tree Learner 3:3 :  : Node : Decision Tree Learner : 3:3 : Execute failed: Class column contains only missing values
java.lang.IllegalArgumentException: Class column contains only missing values
	at org.knime.base.node.mine.decisiontree2.learner2.DecisionTreeLearnerNodeModel2.execute(DecisionTreeLearnerNodeModel2.java:498)
	at org.knime.core.node.NodeModel.executeModel(NodeModel.java:596)
	at org.knime.core.node.Node.invokeFullyNodeModelExecute(Node.java:1284)
	at org.knime.core.node.Node.execute(Node.java:1049)
	at org.knime.core.node.workflow.NativeNodeContainer.performExecuteNode(NativeNodeContainer.java:603)
	at org.knime.core.node.exec.LocalNodeExecutionJob.mainExecute(LocalNodeExecutionJob.java:98)
	at org.knime.core.node.workflow.NodeExecutionJob.internalRun(NodeExecutionJob.java:198)
	at org.knime.core.node.workflow.NodeExecutionJob.run(NodeExecutionJob.java:117)
	at org.knime.core.util.ThreadUtils$RunnableWithContextImpl.runWithContext(ThreadUtils.java:369)
	at org.knime.core.util.ThreadUtils$RunnableWithContext.run(ThreadUtils.java:223)
	at java.base/java.util.concurrent.Executors$RunnableAdapter.call(Unknown Source)
	at java.base/java.util.concurrent.FutureTask.run(Unknown Source)
	at org.knime.core.util.ThreadPool$MyFuture.run(ThreadPool.java:123)
	at org.knime.core.util.ThreadPool$Worker.run(ThreadPool.java:246)
2025-04-11 16:55:08,603 : WARN  : comm-pool-thread-1 :  : Node : X-Aggregator : 3:5 : Selected columns 'Prediction (COMMON NAME)' and 'REASON' as prediction and target columns
2025-04-11 16:55:46,504 : WARN  : main :  : WrappedNodeDialog : X-Aggregator : 3:5 : failed to apply settings: Cannot load settings into node; it is executing or has executing successors
java.lang.IllegalStateException: Cannot load settings into node; it is executing or has executing successors
	at org.knime.core.node.workflow.WorkflowManager.loadNodeSettings(WorkflowManager.java:2257)
	at org.knime.core.node.workflow.NodeContainer.applySettingsFromDialog(NodeContainer.java:1142)
	at org.knime.core.ui.wrapper.NodeContainerWrapper.applySettingsFromDialog(NodeContainerWrapper.java:264)
	at org.knime.workbench.ui.wrapper.WrappedNodeDialog.callApplySettingsFromDialog(WrappedNodeDialog.java:677)
	at org.knime.workbench.ui.wrapper.WrappedNodeDialog.doApply(WrappedNodeDialog.java:649)
	at org.knime.workbench.ui.wrapper.WrappedNodeDialog$6.widgetSelected(WrappedNodeDialog.java:515)
	at org.eclipse.swt.widgets.TypedListener.handleEvent(TypedListener.java:252)
	at org.eclipse.swt.widgets.EventTable.sendEvent(EventTable.java:89)
	at org.eclipse.swt.widgets.Display.sendEvent(Display.java:5855)
	at org.eclipse.swt.widgets.Widget.sendEvent(Widget.java:1529)
	at org.eclipse.swt.widgets.Display.runDeferredEvents(Display.java:5065)
	at org.eclipse.swt.widgets.Display.readAndDispatch(Display.java:4517)
	at org.eclipse.jface.window.Window.runEventLoop(Window.java:823)
	at org.eclipse.jface.window.Window.open(Window.java:799)
	at org.knime.workbench.ui.wrapper.WrappedNodeDialog.open(WrappedNodeDialog.java:198)
	at org.knime.workbench.editor2.editparts.NodeContainerEditPart.openDialog(NodeContainerEditPart.java:967)
	at org.knime.workbench.editor2.editparts.NodeContainerEditPart.openNodeDialog(NodeContainerEditPart.java:869)
	at org.knime.ui.java.api.NodeAPI.openNodeDialog(NodeAPI.java:102)
	at java.base/jdk.internal.reflect.NativeMethodAccessorImpl.invoke0(Native Method)
	at java.base/jdk.internal.reflect.NativeMethodAccessorImpl.invoke(Unknown Source)
	at java.base/jdk.internal.reflect.DelegatingMethodAccessorImpl.invoke(Unknown Source)
	at java.base/java.lang.reflect.Method.invoke(Unknown Source)
	at org.knime.ui.java.api.DesktopAPI.invokeMethod(DesktopAPI.java:178)
	at org.knime.ui.java.api.DesktopAPI.lambda$1(DesktopAPI.java:148)
	at org.eclipse.swt.widgets.RunnableLock.run(RunnableLock.java:40)
	at org.eclipse.swt.widgets.Synchronizer.runAsyncMessages(Synchronizer.java:132)
	at org.eclipse.swt.widgets.Display.runAsyncMessages(Display.java:5040)
	at org.eclipse.swt.widgets.Display.readAndDispatch(Display.java:4520)
	at org.eclipse.e4.ui.internal.workbench.swt.PartRenderingEngine$5.run(PartRenderingEngine.java:1151)
	at org.eclipse.core.databinding.observable.Realm.runWithDefault(Realm.java:339)
	at org.eclipse.e4.ui.internal.workbench.swt.PartRenderingEngine.run(PartRenderingEngine.java:1042)
	at org.eclipse.e4.ui.internal.workbench.E4Workbench.createAndRunUI(E4Workbench.java:152)
	at org.eclipse.ui.internal.Workbench.lambda$3(Workbench.java:639)
	at org.eclipse.core.databinding.observable.Realm.runWithDefault(Realm.java:339)
	at org.eclipse.ui.internal.Workbench.createAndRunWorkbench(Workbench.java:546)
	at org.eclipse.ui.PlatformUI.createAndRunWorkbench(PlatformUI.java:173)
	at org.knime.product.rcp.KNIMEApplication.start(KNIMEApplication.java:211)
	at org.eclipse.equinox.internal.app.EclipseAppHandle.run(EclipseAppHandle.java:208)
	at org.eclipse.core.runtime.internal.adaptor.EclipseAppLauncher.runApplication(EclipseAppLauncher.java:143)
	at org.eclipse.core.runtime.internal.adaptor.EclipseAppLauncher.start(EclipseAppLauncher.java:109)
	at org.eclipse.core.runtime.adaptor.EclipseStarter.run(EclipseStarter.java:439)
	at org.eclipse.core.runtime.adaptor.EclipseStarter.run(EclipseStarter.java:271)
	at java.base/jdk.internal.reflect.NativeMethodAccessorImpl.invoke0(Native Method)
	at java.base/jdk.internal.reflect.NativeMethodAccessorImpl.invoke(Unknown Source)
	at java.base/jdk.internal.reflect.DelegatingMethodAccessorImpl.invoke(Unknown Source)
	at java.base/java.lang.reflect.Method.invoke(Unknown Source)
	at org.eclipse.equinox.launcher.Main.invokeFramework(Main.java:651)
	at org.eclipse.equinox.launcher.Main.basicRun(Main.java:588)
	at org.eclipse.equinox.launcher.Main.run(Main.java:1459)
	at org.eclipse.equinox.launcher.Main.main(Main.java:1432)
2025-04-11 16:55:52,685 : WARN  : main :  : WrappedNodeDialog : X-Aggregator : 3:5 : failed to apply settings: Cannot load settings into node; it is executing or has executing successors
java.lang.IllegalStateException: Cannot load settings into node; it is executing or has executing successors
	at org.knime.core.node.workflow.WorkflowManager.loadNodeSettings(WorkflowManager.java:2257)
	at org.knime.core.node.workflow.NodeContainer.applySettingsFromDialog(NodeContainer.java:1142)
	at org.knime.core.ui.wrapper.NodeContainerWrapper.applySettingsFromDialog(NodeContainerWrapper.java:264)
	at org.knime.workbench.ui.wrapper.WrappedNodeDialog.callApplySettingsFromDialog(WrappedNodeDialog.java:677)
	at org.knime.workbench.ui.wrapper.WrappedNodeDialog.doApply(WrappedNodeDialog.java:649)
	at org.knime.workbench.ui.wrapper.WrappedNodeDialog.doOK(WrappedNodeDialog.java:564)
	at org.knime.workbench.ui.wrapper.WrappedNodeDialog$5.widgetSelected(WrappedNodeDialog.java:500)
	at org.eclipse.swt.widgets.TypedListener.handleEvent(TypedListener.java:252)
	at org.eclipse.swt.widgets.EventTable.sendEvent(EventTable.java:89)
	at org.eclipse.swt.widgets.Display.sendEvent(Display.java:5855)
	at org.eclipse.swt.widgets.Widget.sendEvent(Widget.java:1529)
	at org.eclipse.swt.widgets.Display.runDeferredEvents(Display.java:5065)
	at org.eclipse.swt.widgets.Display.readAndDispatch(Display.java:4517)
	at org.eclipse.jface.window.Window.runEventLoop(Window.java:823)
	at org.eclipse.jface.window.Window.open(Window.java:799)
	at org.knime.workbench.ui.wrapper.WrappedNodeDialog.open(WrappedNodeDialog.java:198)
	at org.knime.workbench.editor2.editparts.NodeContainerEditPart.openDialog(NodeContainerEditPart.java:967)
	at org.knime.workbench.editor2.editparts.NodeContainerEditPart.openNodeDialog(NodeContainerEditPart.java:869)
	at org.knime.ui.java.api.NodeAPI.openNodeDialog(NodeAPI.java:102)
	at java.base/jdk.internal.reflect.NativeMethodAccessorImpl.invoke0(Native Method)
	at java.base/jdk.internal.reflect.NativeMethodAccessorImpl.invoke(Unknown Source)
	at java.base/jdk.internal.reflect.DelegatingMethodAccessorImpl.invoke(Unknown Source)
	at java.base/java.lang.reflect.Method.invoke(Unknown Source)
	at org.knime.ui.java.api.DesktopAPI.invokeMethod(DesktopAPI.java:178)
	at org.knime.ui.java.api.DesktopAPI.lambda$1(DesktopAPI.java:148)
	at org.eclipse.swt.widgets.RunnableLock.run(RunnableLock.java:40)
	at org.eclipse.swt.widgets.Synchronizer.runAsyncMessages(Synchronizer.java:132)
	at org.eclipse.swt.widgets.Display.runAsyncMessages(Display.java:5040)
	at org.eclipse.swt.widgets.Display.readAndDispatch(Display.java:4520)
	at org.eclipse.e4.ui.internal.workbench.swt.PartRenderingEngine$5.run(PartRenderingEngine.java:1151)
	at org.eclipse.core.databinding.observable.Realm.runWithDefault(Realm.java:339)
	at org.eclipse.e4.ui.internal.workbench.swt.PartRenderingEngine.run(PartRenderingEngine.java:1042)
	at org.eclipse.e4.ui.internal.workbench.E4Workbench.createAndRunUI(E4Workbench.java:152)
	at org.eclipse.ui.internal.Workbench.lambda$3(Workbench.java:639)
	at org.eclipse.core.databinding.observable.Realm.runWithDefault(Realm.java:339)
	at org.eclipse.ui.internal.Workbench.createAndRunWorkbench(Workbench.java:546)
	at org.eclipse.ui.PlatformUI.createAndRunWorkbench(PlatformUI.java:173)
	at org.knime.product.rcp.KNIMEApplication.start(KNIMEApplication.java:211)
	at org.eclipse.equinox.internal.app.EclipseAppHandle.run(EclipseAppHandle.java:208)
	at org.eclipse.core.runtime.internal.adaptor.EclipseAppLauncher.runApplication(EclipseAppLauncher.java:143)
	at org.eclipse.core.runtime.internal.adaptor.EclipseAppLauncher.start(EclipseAppLauncher.java:109)
	at org.eclipse.core.runtime.adaptor.EclipseStarter.run(EclipseStarter.java:439)
	at org.eclipse.core.runtime.adaptor.EclipseStarter.run(EclipseStarter.java:271)
	at java.base/jdk.internal.reflect.NativeMethodAccessorImpl.invoke0(Native Method)
	at java.base/jdk.internal.reflect.NativeMethodAccessorImpl.invoke(Unknown Source)
	at java.base/jdk.internal.reflect.DelegatingMethodAccessorImpl.invoke(Unknown Source)
	at java.base/java.lang.reflect.Method.invoke(Unknown Source)
	at org.eclipse.equinox.launcher.Main.invokeFramework(Main.java:651)
	at org.eclipse.equinox.launcher.Main.basicRun(Main.java:588)
	at org.eclipse.equinox.launcher.Main.run(Main.java:1459)
	at org.eclipse.equinox.launcher.Main.main(Main.java:1432)
2025-04-11 16:56:04,570 : WARN  : main :  : WrappedNodeDialog : X-Aggregator : 3:5 : failed to apply settings: Cannot load settings into node; it is executing or has executing successors
java.lang.IllegalStateException: Cannot load settings into node; it is executing or has executing successors
	at org.knime.core.node.workflow.WorkflowManager.loadNodeSettings(WorkflowManager.java:2257)
	at org.knime.core.node.workflow.NodeContainer.applySettingsFromDialog(NodeContainer.java:1142)
	at org.knime.core.ui.wrapper.NodeContainerWrapper.applySettingsFromDialog(NodeContainerWrapper.java:264)
	at org.knime.workbench.ui.wrapper.WrappedNodeDialog.callApplySettingsFromDialog(WrappedNodeDialog.java:677)
	at org.knime.workbench.ui.wrapper.WrappedNodeDialog.doApply(WrappedNodeDialog.java:649)
	at org.knime.workbench.ui.wrapper.WrappedNodeDialog$6.widgetSelected(WrappedNodeDialog.java:515)
	at org.eclipse.swt.widgets.TypedListener.handleEvent(TypedListener.java:252)
	at org.eclipse.swt.widgets.EventTable.sendEvent(EventTable.java:89)
	at org.eclipse.swt.widgets.Display.sendEvent(Display.java:5855)
	at org.eclipse.swt.widgets.Widget.sendEvent(Widget.java:1529)
	at org.eclipse.swt.widgets.Display.runDeferredEvents(Display.java:5065)
	at org.eclipse.swt.widgets.Display.readAndDispatch(Display.java:4517)
	at org.eclipse.jface.window.Window.runEventLoop(Window.java:823)
	at org.eclipse.jface.window.Window.open(Window.java:799)
	at org.knime.workbench.ui.wrapper.WrappedNodeDialog.open(WrappedNodeDialog.java:198)
	at org.knime.workbench.editor2.editparts.NodeContainerEditPart.openDialog(NodeContainerEditPart.java:967)
	at org.knime.workbench.editor2.editparts.NodeContainerEditPart.openNodeDialog(NodeContainerEditPart.java:869)
	at org.knime.ui.java.api.NodeAPI.openNodeDialog(NodeAPI.java:102)
	at java.base/jdk.internal.reflect.NativeMethodAccessorImpl.invoke0(Native Method)
	at java.base/jdk.internal.reflect.NativeMethodAccessorImpl.invoke(Unknown Source)
	at java.base/jdk.internal.reflect.DelegatingMethodAccessorImpl.invoke(Unknown Source)
	at java.base/java.lang.reflect.Method.invoke(Unknown Source)
	at org.knime.ui.java.api.DesktopAPI.invokeMethod(DesktopAPI.java:178)
	at org.knime.ui.java.api.DesktopAPI.lambda$1(DesktopAPI.java:148)
	at org.eclipse.swt.widgets.RunnableLock.run(RunnableLock.java:40)
	at org.eclipse.swt.widgets.Synchronizer.runAsyncMessages(Synchronizer.java:132)
	at org.eclipse.swt.widgets.Display.runAsyncMessages(Display.java:5040)
	at org.eclipse.swt.widgets.Display.readAndDispatch(Display.java:4520)
	at org.eclipse.e4.ui.internal.workbench.swt.PartRenderingEngine$5.run(PartRenderingEngine.java:1151)
	at org.eclipse.core.databinding.observable.Realm.runWithDefault(Realm.java:339)
	at org.eclipse.e4.ui.internal.workbench.swt.PartRenderingEngine.run(PartRenderingEngine.java:1042)
	at org.eclipse.e4.ui.internal.workbench.E4Workbench.createAndRunUI(E4Workbench.java:152)
	at org.eclipse.ui.internal.Workbench.lambda$3(Workbench.java:639)
	at org.eclipse.core.databinding.observable.Realm.runWithDefault(Realm.java:339)
	at org.eclipse.ui.internal.Workbench.createAndRunWorkbench(Workbench.java:546)
	at org.eclipse.ui.PlatformUI.createAndRunWorkbench(PlatformUI.java:173)
	at org.knime.product.rcp.KNIMEApplication.start(KNIMEApplication.java:211)
	at org.eclipse.equinox.internal.app.EclipseAppHandle.run(EclipseAppHandle.java:208)
	at org.eclipse.core.runtime.internal.adaptor.EclipseAppLauncher.runApplication(EclipseAppLauncher.java:143)
	at org.eclipse.core.runtime.internal.adaptor.EclipseAppLauncher.start(EclipseAppLauncher.java:109)
	at org.eclipse.core.runtime.adaptor.EclipseStarter.run(EclipseStarter.java:439)
	at org.eclipse.core.runtime.adaptor.EclipseStarter.run(EclipseStarter.java:271)
	at java.base/jdk.internal.reflect.NativeMethodAccessorImpl.invoke0(Native Method)
	at java.base/jdk.internal.reflect.NativeMethodAccessorImpl.invoke(Unknown Source)
	at java.base/jdk.internal.reflect.DelegatingMethodAccessorImpl.invoke(Unknown Source)
	at java.base/java.lang.reflect.Method.invoke(Unknown Source)
	at org.eclipse.equinox.launcher.Main.invokeFramework(Main.java:651)
	at org.eclipse.equinox.launcher.Main.basicRun(Main.java:588)
	at org.eclipse.equinox.launcher.Main.run(Main.java:1459)
	at org.eclipse.equinox.launcher.Main.main(Main.java:1432)
2025-04-11 16:56:57,377 : ERROR : main :  : KnimeBrowserView :  :  : %cerror%c RPC Client:: Error RPC request 
      background: #c0392b;
      border-radius: 0.5em;
      color: white;
      font-weight: bold;
      padding: 2px 0.5em;
      Error: No port view available at index 1 for current state of node Decision Tree Predictor 3:4. (source: http://org.knime.ui.java/assets/index-L_Vmx7rg.js; line: 87)
2025-04-11 16:57:18,372 : WARN  : KNIME-Worker-3-Decision Tree Predictor 3:4 :  : Node : Decision Tree Predictor : 3:4 : Execution canceled
2025-04-11 17:01:19,579 : ERROR : main :  : KnimeBrowserView :  :  : %cerror%c RPC Client:: Error RPC request 
      background: #c0392b;
      border-radius: 0.5em;
      color: white;
      font-weight: bold;
      padding: 2px 0.5em;
      Error: No such node ID: 3:2 valid [3:1, 3:3, 3:4, 3:5, 3:6, 3:7] (source: http://org.knime.ui.java/assets/index-L_Vmx7rg.js; line: 87)
2025-04-11 17:01:19,580 : ERROR : main :  : KnimeBrowserView :  :  : %cerror%c Unhandled rejection:: 
      background: #c0392b;
      border-radius: 0.5em;
      color: white;
      font-weight: bold;
      padding: 2px 0.5em;
      [object Object] (source: http://org.knime.ui.java/assets/index-L_Vmx7rg.js; line: 87)
2025-04-11 17:01:19,581 : ERROR : main :  : KnimeBrowserView :  :  : Uncaught (in promise) Error: No such node ID: 3:2 valid [3:1, 3:3, 3:4, 3:5, 3:6, 3:7] (source: http://org.knime.ui.java/assets/index-L_Vmx7rg.js; line: 45)
2025-04-11 17:01:25,630 : WARN  : comm-pool-thread-1 :  : Node : String to Date/Time (legacy) : 3:7 : Auto-guessing first String compatible column: GLOBAL UNIQUE IDENTIFIER
2025-04-11 17:01:25,630 : WARN  : comm-pool-thread-1 :  : Node : String to Date/Time (legacy) : 3:7 : No String compatible column found!
2025-04-11 17:02:11,406 : WARN  : KNIME-Worker-5-String to Date/Time (legacy) 3:7 :  : Node : String to Date/Time (legacy) : 3:7 : Couldn't parse 100 row(s) due to parsing errors (data format wrong?)
2025-04-11 17:02:11,407 : ERROR : KNIME-Worker-5-String to Date/Time (legacy) 3:7 :  : Node : String to Date/Time (legacy) : 3:7 : Execute failed: Maximum number of fails reached: 100
java.lang.IllegalArgumentException: Maximum number of fails reached: 100
	at org.knime.timeseries.node.stringtotimestamp.String2DateNodeModel$1.getCell(String2DateNodeModel.java:227)
	at org.knime.core.data.container.SingleCellFactory.getCell(SingleCellFactory.java:128)
	at org.knime.core.data.container.SingleCellFactory.getCells(SingleCellFactory.java:105)
	at org.knime.core.data.container.RearrangeColumnsTable.calcNewCellsForRow(RearrangeColumnsTable.java:565)
	at org.knime.core.data.container.RearrangeColumnsTable.calcNewColsSynchronously(RearrangeColumnsTable.java:484)
	at org.knime.core.data.container.RearrangeColumnsTable.create(RearrangeColumnsTable.java:412)
	at org.knime.core.data.container.BufferedTableBackend.rearrange(BufferedTableBackend.java:212)
	at org.knime.core.node.ExecutionContext.createColumnRearrangeTable(ExecutionContext.java:468)
	at org.knime.core.node.streamable.simple.SimpleStreamableFunctionNodeModel.execute(SimpleStreamableFunctionNodeModel.java:117)
	at org.knime.core.node.NodeModel.execute(NodeModel.java:820)
	at org.knime.core.node.NodeModel.executeModel(NodeModel.java:596)
	at org.knime.core.node.Node.invokeFullyNodeModelExecute(Node.java:1284)
	at org.knime.core.node.Node.execute(Node.java:1049)
	at org.knime.core.node.workflow.NativeNodeContainer.performExecuteNode(NativeNodeContainer.java:603)
	at org.knime.core.node.exec.LocalNodeExecutionJob.mainExecute(LocalNodeExecutionJob.java:98)
	at org.knime.core.node.workflow.NodeExecutionJob.internalRun(NodeExecutionJob.java:198)
	at org.knime.core.node.workflow.NodeExecutionJob.run(NodeExecutionJob.java:117)
	at org.knime.core.util.ThreadUtils$RunnableWithContextImpl.runWithContext(ThreadUtils.java:369)
	at org.knime.core.util.ThreadUtils$RunnableWithContext.run(ThreadUtils.java:223)
	at java.base/java.util.concurrent.Executors$RunnableAdapter.call(Unknown Source)
	at java.base/java.util.concurrent.FutureTask.run(Unknown Source)
	at org.knime.core.util.ThreadPool$MyFuture.run(ThreadPool.java:123)
	at org.knime.core.util.ThreadPool$Worker.run(ThreadPool.java:246)
2025-04-11 17:02:12,449 : WARN  : KNIME-Worker-6-String to Date/Time (legacy) 3:7 :  : Node : String to Date/Time (legacy) : 3:7 : Couldn't parse 100 row(s) due to parsing errors (data format wrong?)
2025-04-11 17:02:12,449 : ERROR : KNIME-Worker-6-String to Date/Time (legacy) 3:7 :  : Node : String to Date/Time (legacy) : 3:7 : Execute failed: Maximum number of fails reached: 100
java.lang.IllegalArgumentException: Maximum number of fails reached: 100
	at org.knime.timeseries.node.stringtotimestamp.String2DateNodeModel$1.getCell(String2DateNodeModel.java:227)
	at org.knime.core.data.container.SingleCellFactory.getCell(SingleCellFactory.java:128)
	at org.knime.core.data.container.SingleCellFactory.getCells(SingleCellFactory.java:105)
	at org.knime.core.data.container.RearrangeColumnsTable.calcNewCellsForRow(RearrangeColumnsTable.java:565)
	at org.knime.core.data.container.RearrangeColumnsTable.calcNewColsSynchronously(RearrangeColumnsTable.java:484)
	at org.knime.core.data.container.RearrangeColumnsTable.create(RearrangeColumnsTable.java:412)
	at org.knime.core.data.container.BufferedTableBackend.rearrange(BufferedTableBackend.java:212)
	at org.knime.core.node.ExecutionContext.createColumnRearrangeTable(ExecutionContext.java:468)
	at org.knime.core.node.streamable.simple.SimpleStreamableFunctionNodeModel.execute(SimpleStreamableFunctionNodeModel.java:117)
	at org.knime.core.node.NodeModel.execute(NodeModel.java:820)
	at org.knime.core.node.NodeModel.executeModel(NodeModel.java:596)
	at org.knime.core.node.Node.invokeFullyNodeModelExecute(Node.java:1284)
	at org.knime.core.node.Node.execute(Node.java:1049)
	at org.knime.core.node.workflow.NativeNodeContainer.performExecuteNode(NativeNodeContainer.java:603)
	at org.knime.core.node.exec.LocalNodeExecutionJob.mainExecute(LocalNodeExecutionJob.java:98)
	at org.knime.core.node.workflow.NodeExecutionJob.internalRun(NodeExecutionJob.java:198)
	at org.knime.core.node.workflow.NodeExecutionJob.run(NodeExecutionJob.java:117)
	at org.knime.core.util.ThreadUtils$RunnableWithContextImpl.runWithContext(ThreadUtils.java:369)
	at org.knime.core.util.ThreadUtils$RunnableWithContext.run(ThreadUtils.java:223)
	at java.base/java.util.concurrent.Executors$RunnableAdapter.call(Unknown Source)
	at java.base/java.util.concurrent.FutureTask.run(Unknown Source)
	at org.knime.core.util.ThreadPool$MyFuture.run(ThreadPool.java:123)
	at org.knime.core.util.ThreadPool$Worker.run(ThreadPool.java:246)
2025-04-11 17:39:43,449 : WARN  : comm-pool-thread-1 :  : Node : Partitioning : 3:10 : No sampling method selected
2025-04-11 17:39:46,079 : WARN  : comm-pool-thread-1 :  : Node : Partitioning : 3:10 : No sampling method selected
2025-04-11 17:39:47,716 : ERROR : main :  : KnimeBrowserView :  :  : %cerror%c Error captured hook ::  
      background: #c0392b;
      border-radius: 0.5em;
      color: white;
      font-weight: bold;
      padding: 2px 0.5em;
      [object Object] (source: http://org.knime.ui.java/assets/index-L_Vmx7rg.js; line: 87)
2025-04-11 17:40:35,164 : WARN  : comm-pool-thread-1 :  : Node : Partitioning : 3:10 : No sampling method selected
2025-04-11 17:49:59,949 : WARN  : comm-pool-thread-1 :  : Node : Partitioning : 3:10 : No sampling method selected
2025-04-11 17:50:04,225 : WARN  : KNIME-Worker-10-String to Date/Time (legacy) 3:7 :  : Node : Partitioning : 3:10 : No sampling method selected
2025-04-11 17:50:10,006 : WARN  : KNIME-Worker-10-Missing Value 3:8 :  : Node : Partitioning : 3:10 : No sampling method selected
2025-04-11 17:50:29,988 : WARN  : main :  : Node : Partitioning : 3:10 : Errors loading flow variables into node : Invalid sampling method: /home/florent/Documents/projet/analysis
2025-04-11 17:50:31,006 : WARN  : main :  : Node : Partitioning : 3:10 : Errors loading flow variables into node : Invalid sampling method: /home/florent/Documents/projet/analysis
2025-04-11 17:51:18,164 : WARN  : comm-pool-thread-1 :  : Node : Decision Tree Learner : 3:11 : Guessing target column: "OBSERVATION DATE".
2025-04-11 17:51:30,999 : ERROR : main :  : KnimeBrowserView :  :  : %cerror%c Error captured hook ::  
      background: #c0392b;
      border-radius: 0.5em;
      color: white;
      font-weight: bold;
      padding: 2px 0.5em;
      [object Object] (source: http://org.knime.ui.java/assets/index-L_Vmx7rg.js; line: 87)
2025-04-11 17:52:04,493 : WARN  : comm-pool-thread-1 :  : Node : Scorer : 3:13 : No columns selected yet.
2025-04-11 17:52:23,604 : WARN  : KNIME-Worker-11-Scorer 3:13 :  : Node : Scorer : 3:13 : There were missing values in the reference or in the prediction class columns.
2025-04-11 17:54:02,863 : ERROR : main :  : KnimeBrowserView :  :  : %cerror%c RPC Client:: Error RPC request 
      background: #c0392b;
      border-radius: 0.5em;
      color: white;
      font-weight: bold;
      padding: 2px 0.5em;
      Error: No such node ID: 3:12 valid [3:1, 3:7, 3:8, 3:9, 3:10, 3:11, 3:13, 3:14, 3:15] (source: http://org.knime.ui.java/assets/index-L_Vmx7rg.js; line: 87)
2025-04-11 17:54:02,865 : ERROR : main :  : KnimeBrowserView :  :  : %cerror%c Unhandled rejection:: 
      background: #c0392b;
      border-radius: 0.5em;
      color: white;
      font-weight: bold;
      padding: 2px 0.5em;
      [object Object] (source: http://org.knime.ui.java/assets/index-L_Vmx7rg.js; line: 87)
2025-04-11 17:54:02,866 : ERROR : main :  : KnimeBrowserView :  :  : Uncaught (in promise) Error: No such node ID: 3:12 valid [3:1, 3:7, 3:8, 3:9, 3:10, 3:11, 3:13, 3:14, 3:15] (source: http://org.knime.ui.java/assets/index-L_Vmx7rg.js; line: 45)
2025-04-11 17:54:09,789 : WARN  : comm-pool-thread-1 :  : Node : Random Forest Learner : 3:15 : No configuration available
2025-04-11 17:54:33,568 : ERROR : KNIME-Worker-12-Random Forest Learner 3:15 :  : Node : Random Forest Learner : 3:15 : Execute failed: The target column does not have possible values assigned. Most likely it has too many different distinct values (learning an ID column?) Fix it by preprocessing the table using a "Domain Calculator".
org.knime.core.node.InvalidSettingsException: The target column does not have possible values assigned. Most likely it has too many different distinct values (learning an ID column?) Fix it by preprocessing the table using a "Domain Calculator".
	at org.knime.base.node.mine.treeensemble2.node.learner.classification.TreeEnsembleClassificationLearnerNodeModel.execute(TreeEnsembleClassificationLearnerNodeModel.java:193)
	at org.knime.core.node.NodeModel.executeModel(NodeModel.java:596)
	at org.knime.core.node.Node.invokeFullyNodeModelExecute(Node.java:1284)
	at org.knime.core.node.Node.execute(Node.java:1049)
	at org.knime.core.node.workflow.NativeNodeContainer.performExecuteNode(NativeNodeContainer.java:603)
	at org.knime.core.node.exec.LocalNodeExecutionJob.mainExecute(LocalNodeExecutionJob.java:98)
	at org.knime.core.node.workflow.NodeExecutionJob.internalRun(NodeExecutionJob.java:198)
	at org.knime.core.node.workflow.NodeExecutionJob.run(NodeExecutionJob.java:117)
	at org.knime.core.util.ThreadUtils$RunnableWithContextImpl.runWithContext(ThreadUtils.java:369)
	at org.knime.core.util.ThreadUtils$RunnableWithContext.run(ThreadUtils.java:223)
	at java.base/java.util.concurrent.Executors$RunnableAdapter.call(Unknown Source)
	at java.base/java.util.concurrent.FutureTask.run(Unknown Source)
	at org.knime.core.util.ThreadPool$MyFuture.run(ThreadPool.java:123)
	at org.knime.core.util.ThreadPool$Worker.run(ThreadPool.java:246)
2025-04-11 17:54:56,084 : WARN  : main :  : Node : Random Forest Learner : 3:15 : 1 column(s) were ignored due to missing domain information: ["COMMON NAME"] -- change the node configuration or use a Domain Calculator node to fix it
2025-04-11 17:54:56,727 : WARN  : main :  : Node : Random Forest Learner : 3:15 : 1 column(s) were ignored due to missing domain information: ["COMMON NAME"] -- change the node configuration or use a Domain Calculator node to fix it
2025-04-11 17:55:00,258 : WARN  : KNIME-Worker-13-Random Forest Learner 3:15 :  : Node : Random Forest Learner : 3:15 : 1 column(s) were ignored due to missing domain information: ["COMMON NAME"] -- change the node configuration or use a Domain Calculator node to fix it
2025-04-11 17:55:05,192 : WARN  : comm-pool-thread-1 :  : Node : Scorer : 3:13 : Column 'Prediction (COMMON NAME)' not found.
2025-04-11 17:56:04,004 : ERROR : main :  : KnimeBrowserView :  :  : %cerror%c Unhandled rejection:: 
      background: #c0392b;
      border-radius: 0.5em;
      color: white;
      font-weight: bold;
      padding: 2px 0.5em;
      [object Object] (source: http://org.knime.ui.java/assets/index-L_Vmx7rg.js; line: 87)
2025-04-11 17:56:04,008 : ERROR : main :  : KnimeBrowserView :  :  : Uncaught (in promise) TypeError: Cannot read properties of null (reading 'rowCount') (source: http://org.knime.core.ui.port/uiext/tableview/TableView.js; line: 15187)
2025-04-11 17:56:36,822 : ERROR : KNIME-Worker-21-Random Forest Learner 3:15 :  : Node : Random Forest Learner : 3:15 : Execute failed: The target column does not have possible values assigned. Most likely it has too many different distinct values (learning an ID column?) Fix it by preprocessing the table using a "Domain Calculator".
org.knime.core.node.InvalidSettingsException: The target column does not have possible values assigned. Most likely it has too many different distinct values (learning an ID column?) Fix it by preprocessing the table using a "Domain Calculator".
	at org.knime.base.node.mine.treeensemble2.node.learner.classification.TreeEnsembleClassificationLearnerNodeModel.execute(TreeEnsembleClassificationLearnerNodeModel.java:193)
	at org.knime.core.node.NodeModel.executeModel(NodeModel.java:596)
	at org.knime.core.node.Node.invokeFullyNodeModelExecute(Node.java:1284)
	at org.knime.core.node.Node.execute(Node.java:1049)
	at org.knime.core.node.workflow.NativeNodeContainer.performExecuteNode(NativeNodeContainer.java:603)
	at org.knime.core.node.exec.LocalNodeExecutionJob.mainExecute(LocalNodeExecutionJob.java:98)
	at org.knime.core.node.workflow.NodeExecutionJob.internalRun(NodeExecutionJob.java:198)
	at org.knime.core.node.workflow.NodeExecutionJob.run(NodeExecutionJob.java:117)
	at org.knime.core.util.ThreadUtils$RunnableWithContextImpl.runWithContext(ThreadUtils.java:369)
	at org.knime.core.util.ThreadUtils$RunnableWithContext.run(ThreadUtils.java:223)
	at java.base/java.util.concurrent.Executors$RunnableAdapter.call(Unknown Source)
	at java.base/java.util.concurrent.FutureTask.run(Unknown Source)
	at org.knime.core.util.ThreadPool$MyFuture.run(ThreadPool.java:123)
	at org.knime.core.util.ThreadPool$Worker.run(ThreadPool.java:246)
2025-04-11 17:58:19,005 : ERROR : KNIME-Worker-26-Random Forest Learner 3:15 :  : Node : Random Forest Learner : 3:15 : Execute failed: The target column does not have possible values assigned. Most likely it has too many different distinct values (learning an ID column?) Fix it by preprocessing the table using a "Domain Calculator".
org.knime.core.node.InvalidSettingsException: The target column does not have possible values assigned. Most likely it has too many different distinct values (learning an ID column?) Fix it by preprocessing the table using a "Domain Calculator".
	at org.knime.base.node.mine.treeensemble2.node.learner.classification.TreeEnsembleClassificationLearnerNodeModel.execute(TreeEnsembleClassificationLearnerNodeModel.java:193)
	at org.knime.core.node.NodeModel.executeModel(NodeModel.java:596)
	at org.knime.core.node.Node.invokeFullyNodeModelExecute(Node.java:1284)
	at org.knime.core.node.Node.execute(Node.java:1049)
	at org.knime.core.node.workflow.NativeNodeContainer.performExecuteNode(NativeNodeContainer.java:603)
	at org.knime.core.node.exec.LocalNodeExecutionJob.mainExecute(LocalNodeExecutionJob.java:98)
	at org.knime.core.node.workflow.NodeExecutionJob.internalRun(NodeExecutionJob.java:198)
	at org.knime.core.node.workflow.NodeExecutionJob.run(NodeExecutionJob.java:117)
	at org.knime.core.util.ThreadUtils$RunnableWithContextImpl.runWithContext(ThreadUtils.java:369)
	at org.knime.core.util.ThreadUtils$RunnableWithContext.run(ThreadUtils.java:223)
	at java.base/java.util.concurrent.Executors$RunnableAdapter.call(Unknown Source)
	at java.base/java.util.concurrent.FutureTask.run(Unknown Source)
	at org.knime.core.util.ThreadPool$MyFuture.run(ThreadPool.java:123)
	at org.knime.core.util.ThreadPool$Worker.run(ThreadPool.java:246)
2025-04-11 17:58:42,518 : ERROR : KNIME-Worker-28-Random Forest Learner 3:15 :  : Node : Random Forest Learner : 3:15 : Execute failed: The target column does not have possible values assigned. Most likely it has too many different distinct values (learning an ID column?) Fix it by preprocessing the table using a "Domain Calculator".
org.knime.core.node.InvalidSettingsException: The target column does not have possible values assigned. Most likely it has too many different distinct values (learning an ID column?) Fix it by preprocessing the table using a "Domain Calculator".
	at org.knime.base.node.mine.treeensemble2.node.learner.classification.TreeEnsembleClassificationLearnerNodeModel.execute(TreeEnsembleClassificationLearnerNodeModel.java:193)
	at org.knime.core.node.NodeModel.executeModel(NodeModel.java:596)
	at org.knime.core.node.Node.invokeFullyNodeModelExecute(Node.java:1284)
	at org.knime.core.node.Node.execute(Node.java:1049)
	at org.knime.core.node.workflow.NativeNodeContainer.performExecuteNode(NativeNodeContainer.java:603)
	at org.knime.core.node.exec.LocalNodeExecutionJob.mainExecute(LocalNodeExecutionJob.java:98)
	at org.knime.core.node.workflow.NodeExecutionJob.internalRun(NodeExecutionJob.java:198)
	at org.knime.core.node.workflow.NodeExecutionJob.run(NodeExecutionJob.java:117)
	at org.knime.core.util.ThreadUtils$RunnableWithContextImpl.runWithContext(ThreadUtils.java:369)
	at org.knime.core.util.ThreadUtils$RunnableWithContext.run(ThreadUtils.java:223)
	at java.base/java.util.concurrent.Executors$RunnableAdapter.call(Unknown Source)
	at java.base/java.util.concurrent.FutureTask.run(Unknown Source)
	at org.knime.core.util.ThreadPool$MyFuture.run(ThreadPool.java:123)
	at org.knime.core.util.ThreadPool$Worker.run(ThreadPool.java:246)
2025-04-11 17:58:58,587 : ERROR : KNIME-Worker-29-Random Forest Learner 3:15 :  : Node : Random Forest Learner : 3:15 : Execute failed: The target column does not have possible values assigned. Most likely it has too many different distinct values (learning an ID column?) Fix it by preprocessing the table using a "Domain Calculator".
org.knime.core.node.InvalidSettingsException: The target column does not have possible values assigned. Most likely it has too many different distinct values (learning an ID column?) Fix it by preprocessing the table using a "Domain Calculator".
	at org.knime.base.node.mine.treeensemble2.node.learner.classification.TreeEnsembleClassificationLearnerNodeModel.execute(TreeEnsembleClassificationLearnerNodeModel.java:193)
	at org.knime.core.node.NodeModel.executeModel(NodeModel.java:596)
	at org.knime.core.node.Node.invokeFullyNodeModelExecute(Node.java:1284)
	at org.knime.core.node.Node.execute(Node.java:1049)
	at org.knime.core.node.workflow.NativeNodeContainer.performExecuteNode(NativeNodeContainer.java:603)
	at org.knime.core.node.exec.LocalNodeExecutionJob.mainExecute(LocalNodeExecutionJob.java:98)
	at org.knime.core.node.workflow.NodeExecutionJob.internalRun(NodeExecutionJob.java:198)
	at org.knime.core.node.workflow.NodeExecutionJob.run(NodeExecutionJob.java:117)
	at org.knime.core.util.ThreadUtils$RunnableWithContextImpl.runWithContext(ThreadUtils.java:369)
	at org.knime.core.util.ThreadUtils$RunnableWithContext.run(ThreadUtils.java:223)
	at java.base/java.util.concurrent.Executors$RunnableAdapter.call(Unknown Source)
	at java.base/java.util.concurrent.FutureTask.run(Unknown Source)
	at org.knime.core.util.ThreadPool$MyFuture.run(ThreadPool.java:123)
	at org.knime.core.util.ThreadPool$Worker.run(ThreadPool.java:246)
2025-04-11 17:58:59,304 : ERROR : KNIME-Worker-30-Random Forest Learner 3:15 :  : Node : Random Forest Learner : 3:15 : Execute failed: The target column does not have possible values assigned. Most likely it has too many different distinct values (learning an ID column?) Fix it by preprocessing the table using a "Domain Calculator".
org.knime.core.node.InvalidSettingsException: The target column does not have possible values assigned. Most likely it has too many different distinct values (learning an ID column?) Fix it by preprocessing the table using a "Domain Calculator".
	at org.knime.base.node.mine.treeensemble2.node.learner.classification.TreeEnsembleClassificationLearnerNodeModel.execute(TreeEnsembleClassificationLearnerNodeModel.java:193)
	at org.knime.core.node.NodeModel.executeModel(NodeModel.java:596)
	at org.knime.core.node.Node.invokeFullyNodeModelExecute(Node.java:1284)
	at org.knime.core.node.Node.execute(Node.java:1049)
	at org.knime.core.node.workflow.NativeNodeContainer.performExecuteNode(NativeNodeContainer.java:603)
	at org.knime.core.node.exec.LocalNodeExecutionJob.mainExecute(LocalNodeExecutionJob.java:98)
	at org.knime.core.node.workflow.NodeExecutionJob.internalRun(NodeExecutionJob.java:198)
	at org.knime.core.node.workflow.NodeExecutionJob.run(NodeExecutionJob.java:117)
	at org.knime.core.util.ThreadUtils$RunnableWithContextImpl.runWithContext(ThreadUtils.java:369)
	at org.knime.core.util.ThreadUtils$RunnableWithContext.run(ThreadUtils.java:223)
	at java.base/java.util.concurrent.Executors$RunnableAdapter.call(Unknown Source)
	at java.base/java.util.concurrent.FutureTask.run(Unknown Source)
	at org.knime.core.util.ThreadPool$MyFuture.run(ThreadPool.java:123)
	at org.knime.core.util.ThreadPool$Worker.run(ThreadPool.java:246)
2025-04-11 17:58:59,854 : ERROR : KNIME-Worker-22-Random Forest Learner 3:15 :  : Node : Random Forest Learner : 3:15 : Execute failed: The target column does not have possible values assigned. Most likely it has too many different distinct values (learning an ID column?) Fix it by preprocessing the table using a "Domain Calculator".
org.knime.core.node.InvalidSettingsException: The target column does not have possible values assigned. Most likely it has too many different distinct values (learning an ID column?) Fix it by preprocessing the table using a "Domain Calculator".
	at org.knime.base.node.mine.treeensemble2.node.learner.classification.TreeEnsembleClassificationLearnerNodeModel.execute(TreeEnsembleClassificationLearnerNodeModel.java:193)
	at org.knime.core.node.NodeModel.executeModel(NodeModel.java:596)
	at org.knime.core.node.Node.invokeFullyNodeModelExecute(Node.java:1284)
	at org.knime.core.node.Node.execute(Node.java:1049)
	at org.knime.core.node.workflow.NativeNodeContainer.performExecuteNode(NativeNodeContainer.java:603)
	at org.knime.core.node.exec.LocalNodeExecutionJob.mainExecute(LocalNodeExecutionJob.java:98)
	at org.knime.core.node.workflow.NodeExecutionJob.internalRun(NodeExecutionJob.java:198)
	at org.knime.core.node.workflow.NodeExecutionJob.run(NodeExecutionJob.java:117)
	at org.knime.core.util.ThreadUtils$RunnableWithContextImpl.runWithContext(ThreadUtils.java:369)
	at org.knime.core.util.ThreadUtils$RunnableWithContext.run(ThreadUtils.java:223)
	at java.base/java.util.concurrent.Executors$RunnableAdapter.call(Unknown Source)
	at java.base/java.util.concurrent.FutureTask.run(Unknown Source)
	at org.knime.core.util.ThreadPool$MyFuture.run(ThreadPool.java:123)
	at org.knime.core.util.ThreadPool$Worker.run(ThreadPool.java:246)
2025-04-11 17:59:00,291 : ERROR : KNIME-Worker-23-Random Forest Learner 3:15 :  : Node : Random Forest Learner : 3:15 : Execute failed: The target column does not have possible values assigned. Most likely it has too many different distinct values (learning an ID column?) Fix it by preprocessing the table using a "Domain Calculator".
org.knime.core.node.InvalidSettingsException: The target column does not have possible values assigned. Most likely it has too many different distinct values (learning an ID column?) Fix it by preprocessing the table using a "Domain Calculator".
	at org.knime.base.node.mine.treeensemble2.node.learner.classification.TreeEnsembleClassificationLearnerNodeModel.execute(TreeEnsembleClassificationLearnerNodeModel.java:193)
	at org.knime.core.node.NodeModel.executeModel(NodeModel.java:596)
	at org.knime.core.node.Node.invokeFullyNodeModelExecute(Node.java:1284)
	at org.knime.core.node.Node.execute(Node.java:1049)
	at org.knime.core.node.workflow.NativeNodeContainer.performExecuteNode(NativeNodeContainer.java:603)
	at org.knime.core.node.exec.LocalNodeExecutionJob.mainExecute(LocalNodeExecutionJob.java:98)
	at org.knime.core.node.workflow.NodeExecutionJob.internalRun(NodeExecutionJob.java:198)
	at org.knime.core.node.workflow.NodeExecutionJob.run(NodeExecutionJob.java:117)
	at org.knime.core.util.ThreadUtils$RunnableWithContextImpl.runWithContext(ThreadUtils.java:369)
	at org.knime.core.util.ThreadUtils$RunnableWithContext.run(ThreadUtils.java:223)
	at java.base/java.util.concurrent.Executors$RunnableAdapter.call(Unknown Source)
	at java.base/java.util.concurrent.FutureTask.run(Unknown Source)
	at org.knime.core.util.ThreadPool$MyFuture.run(ThreadPool.java:123)
	at org.knime.core.util.ThreadPool$Worker.run(ThreadPool.java:246)
2025-04-11 17:59:00,670 : ERROR : KNIME-Worker-24-Random Forest Learner 3:15 :  : Node : Random Forest Learner : 3:15 : Execute failed: The target column does not have possible values assigned. Most likely it has too many different distinct values (learning an ID column?) Fix it by preprocessing the table using a "Domain Calculator".
org.knime.core.node.InvalidSettingsException: The target column does not have possible values assigned. Most likely it has too many different distinct values (learning an ID column?) Fix it by preprocessing the table using a "Domain Calculator".
	at org.knime.base.node.mine.treeensemble2.node.learner.classification.TreeEnsembleClassificationLearnerNodeModel.execute(TreeEnsembleClassificationLearnerNodeModel.java:193)
	at org.knime.core.node.NodeModel.executeModel(NodeModel.java:596)
	at org.knime.core.node.Node.invokeFullyNodeModelExecute(Node.java:1284)
	at org.knime.core.node.Node.execute(Node.java:1049)
	at org.knime.core.node.workflow.NativeNodeContainer.performExecuteNode(NativeNodeContainer.java:603)
	at org.knime.core.node.exec.LocalNodeExecutionJob.mainExecute(LocalNodeExecutionJob.java:98)
	at org.knime.core.node.workflow.NodeExecutionJob.internalRun(NodeExecutionJob.java:198)
	at org.knime.core.node.workflow.NodeExecutionJob.run(NodeExecutionJob.java:117)
	at org.knime.core.util.ThreadUtils$RunnableWithContextImpl.runWithContext(ThreadUtils.java:369)
	at org.knime.core.util.ThreadUtils$RunnableWithContext.run(ThreadUtils.java:223)
	at java.base/java.util.concurrent.Executors$RunnableAdapter.call(Unknown Source)
	at java.base/java.util.concurrent.FutureTask.run(Unknown Source)
	at org.knime.core.util.ThreadPool$MyFuture.run(ThreadPool.java:123)
	at org.knime.core.util.ThreadPool$Worker.run(ThreadPool.java:246)
2025-04-11 17:59:00,856 : ERROR : KNIME-Worker-25-Random Forest Learner 3:15 :  : Node : Random Forest Learner : 3:15 : Execute failed: The target column does not have possible values assigned. Most likely it has too many different distinct values (learning an ID column?) Fix it by preprocessing the table using a "Domain Calculator".
org.knime.core.node.InvalidSettingsException: The target column does not have possible values assigned. Most likely it has too many different distinct values (learning an ID column?) Fix it by preprocessing the table using a "Domain Calculator".
	at org.knime.base.node.mine.treeensemble2.node.learner.classification.TreeEnsembleClassificationLearnerNodeModel.execute(TreeEnsembleClassificationLearnerNodeModel.java:193)
	at org.knime.core.node.NodeModel.executeModel(NodeModel.java:596)
	at org.knime.core.node.Node.invokeFullyNodeModelExecute(Node.java:1284)
	at org.knime.core.node.Node.execute(Node.java:1049)
	at org.knime.core.node.workflow.NativeNodeContainer.performExecuteNode(NativeNodeContainer.java:603)
	at org.knime.core.node.exec.LocalNodeExecutionJob.mainExecute(LocalNodeExecutionJob.java:98)
	at org.knime.core.node.workflow.NodeExecutionJob.internalRun(NodeExecutionJob.java:198)
	at org.knime.core.node.workflow.NodeExecutionJob.run(NodeExecutionJob.java:117)
	at org.knime.core.util.ThreadUtils$RunnableWithContextImpl.runWithContext(ThreadUtils.java:369)
	at org.knime.core.util.ThreadUtils$RunnableWithContext.run(ThreadUtils.java:223)
	at java.base/java.util.concurrent.Executors$RunnableAdapter.call(Unknown Source)
	at java.base/java.util.concurrent.FutureTask.run(Unknown Source)
	at org.knime.core.util.ThreadPool$MyFuture.run(ThreadPool.java:123)
	at org.knime.core.util.ThreadPool$Worker.run(ThreadPool.java:246)
2025-04-11 17:59:01,027 : ERROR : KNIME-Worker-26-Random Forest Learner 3:15 :  : Node : Random Forest Learner : 3:15 : Execute failed: The target column does not have possible values assigned. Most likely it has too many different distinct values (learning an ID column?) Fix it by preprocessing the table using a "Domain Calculator".
org.knime.core.node.InvalidSettingsException: The target column does not have possible values assigned. Most likely it has too many different distinct values (learning an ID column?) Fix it by preprocessing the table using a "Domain Calculator".
	at org.knime.base.node.mine.treeensemble2.node.learner.classification.TreeEnsembleClassificationLearnerNodeModel.execute(TreeEnsembleClassificationLearnerNodeModel.java:193)
	at org.knime.core.node.NodeModel.executeModel(NodeModel.java:596)
	at org.knime.core.node.Node.invokeFullyNodeModelExecute(Node.java:1284)
	at org.knime.core.node.Node.execute(Node.java:1049)
	at org.knime.core.node.workflow.NativeNodeContainer.performExecuteNode(NativeNodeContainer.java:603)
	at org.knime.core.node.exec.LocalNodeExecutionJob.mainExecute(LocalNodeExecutionJob.java:98)
	at org.knime.core.node.workflow.NodeExecutionJob.internalRun(NodeExecutionJob.java:198)
	at org.knime.core.node.workflow.NodeExecutionJob.run(NodeExecutionJob.java:117)
	at org.knime.core.util.ThreadUtils$RunnableWithContextImpl.runWithContext(ThreadUtils.java:369)
	at org.knime.core.util.ThreadUtils$RunnableWithContext.run(ThreadUtils.java:223)
	at java.base/java.util.concurrent.Executors$RunnableAdapter.call(Unknown Source)
	at java.base/java.util.concurrent.FutureTask.run(Unknown Source)
	at org.knime.core.util.ThreadPool$MyFuture.run(ThreadPool.java:123)
	at org.knime.core.util.ThreadPool$Worker.run(ThreadPool.java:246)
2025-04-11 17:59:01,192 : ERROR : KNIME-Worker-27-Random Forest Learner 3:15 :  : Node : Random Forest Learner : 3:15 : Execute failed: The target column does not have possible values assigned. Most likely it has too many different distinct values (learning an ID column?) Fix it by preprocessing the table using a "Domain Calculator".
org.knime.core.node.InvalidSettingsException: The target column does not have possible values assigned. Most likely it has too many different distinct values (learning an ID column?) Fix it by preprocessing the table using a "Domain Calculator".
	at org.knime.base.node.mine.treeensemble2.node.learner.classification.TreeEnsembleClassificationLearnerNodeModel.execute(TreeEnsembleClassificationLearnerNodeModel.java:193)
	at org.knime.core.node.NodeModel.executeModel(NodeModel.java:596)
	at org.knime.core.node.Node.invokeFullyNodeModelExecute(Node.java:1284)
	at org.knime.core.node.Node.execute(Node.java:1049)
	at org.knime.core.node.workflow.NativeNodeContainer.performExecuteNode(NativeNodeContainer.java:603)
	at org.knime.core.node.exec.LocalNodeExecutionJob.mainExecute(LocalNodeExecutionJob.java:98)
	at org.knime.core.node.workflow.NodeExecutionJob.internalRun(NodeExecutionJob.java:198)
	at org.knime.core.node.workflow.NodeExecutionJob.run(NodeExecutionJob.java:117)
	at org.knime.core.util.ThreadUtils$RunnableWithContextImpl.runWithContext(ThreadUtils.java:369)
	at org.knime.core.util.ThreadUtils$RunnableWithContext.run(ThreadUtils.java:223)
	at java.base/java.util.concurrent.Executors$RunnableAdapter.call(Unknown Source)
	at java.base/java.util.concurrent.FutureTask.run(Unknown Source)
	at org.knime.core.util.ThreadPool$MyFuture.run(ThreadPool.java:123)
	at org.knime.core.util.ThreadPool$Worker.run(ThreadPool.java:246)
2025-04-11 17:59:01,404 : ERROR : KNIME-Worker-28-Random Forest Learner 3:15 :  : Node : Random Forest Learner : 3:15 : Execute failed: The target column does not have possible values assigned. Most likely it has too many different distinct values (learning an ID column?) Fix it by preprocessing the table using a "Domain Calculator".
org.knime.core.node.InvalidSettingsException: The target column does not have possible values assigned. Most likely it has too many different distinct values (learning an ID column?) Fix it by preprocessing the table using a "Domain Calculator".
	at org.knime.base.node.mine.treeensemble2.node.learner.classification.TreeEnsembleClassificationLearnerNodeModel.execute(TreeEnsembleClassificationLearnerNodeModel.java:193)
	at org.knime.core.node.NodeModel.executeModel(NodeModel.java:596)
	at org.knime.core.node.Node.invokeFullyNodeModelExecute(Node.java:1284)
	at org.knime.core.node.Node.execute(Node.java:1049)
	at org.knime.core.node.workflow.NativeNodeContainer.performExecuteNode(NativeNodeContainer.java:603)
	at org.knime.core.node.exec.LocalNodeExecutionJob.mainExecute(LocalNodeExecutionJob.java:98)
	at org.knime.core.node.workflow.NodeExecutionJob.internalRun(NodeExecutionJob.java:198)
	at org.knime.core.node.workflow.NodeExecutionJob.run(NodeExecutionJob.java:117)
	at org.knime.core.util.ThreadUtils$RunnableWithContextImpl.runWithContext(ThreadUtils.java:369)
	at org.knime.core.util.ThreadUtils$RunnableWithContext.run(ThreadUtils.java:223)
	at java.base/java.util.concurrent.Executors$RunnableAdapter.call(Unknown Source)
	at java.base/java.util.concurrent.FutureTask.run(Unknown Source)
	at org.knime.core.util.ThreadPool$MyFuture.run(ThreadPool.java:123)
	at org.knime.core.util.ThreadPool$Worker.run(ThreadPool.java:246)
2025-04-11 18:02:40,360 : WARN  : comm-pool-thread-1 :  : Node : String to Date&Time : 3:18 : Node must be configured.
2025-04-11 18:03:13,305 : WARN  : KNIME-Worker-31-Missing Value 3:8 :  : Node : String to Date&Time : 3:18 : Node must be configured.
2025-04-11 18:03:25,240 : WARN  : main :  : Node : Domain Calculator : 3:16 : Input table does not contain the following column(s) selected in the Min/Max value panel: "TIME OBSERVATIONS STARTED_time"
2025-04-11 18:03:25,869 : WARN  : main :  : Node : Domain Calculator : 3:16 : Input table does not contain the following column(s) selected in the Min/Max value panel: "TIME OBSERVATIONS STARTED_time"
2025-04-11 18:03:28,912 : ERROR : KNIME-Worker-32-String to Date&Time 3:18 :  : Node : String to Date&Time : 3:18 : Could not parse date in cell [Row0, column "OBSERVER ID", row number 1]: Pattern "dd.MM.yyyy HH:mm:ss.S" does not match "obsr2929208".
 RowID  |   ..   | TIME OBSERV... | OBSERVER ID | SAMPLING EV...
--------+--------+----------------+-------------+----------------
 Row0   | ..     | 16:05:00       | obsr2929208 | S108412716    
                                    ^^^^^^^^^^^
Could not parse date in cell [Row0, column "OBSERVER ID", row number 1]: Pattern "dd.MM.yyyy HH:mm:ss.S" does not match "obsr2929208".
org.knime.core.node.KNIMEException$KNIMERuntimeException: Could not parse date in cell [Row0, column "OBSERVER ID", row number 1]: Pattern "dd.MM.yyyy HH:mm:ss.S" does not match "obsr2929208".
	at org.knime.core.node.KNIMEException.toUnchecked(KNIMEException.java:145)
	at org.knime.time.node.convert.stringtodatetime.StringToDateTimeNodeModel$StringToTimeCellFactory.getCell(StringToDateTimeNodeModel.java:540)
	at org.knime.core.data.container.SingleCellFactory.getCells(SingleCellFactory.java:105)
	at org.knime.core.data.container.RearrangeColumnsTable.calcNewCellsForRow(RearrangeColumnsTable.java:565)
	at org.knime.core.data.container.RearrangeColumnsTable.calcNewColsSynchronously(RearrangeColumnsTable.java:484)
	at org.knime.core.data.container.RearrangeColumnsTable.create(RearrangeColumnsTable.java:412)
	at org.knime.core.data.container.BufferedTableBackend.rearrange(BufferedTableBackend.java:212)
	at org.knime.core.node.ExecutionContext.createColumnRearrangeTable(ExecutionContext.java:468)
	at org.knime.time.node.convert.stringtodatetime.StringToDateTimeNodeModel.execute(StringToDateTimeNodeModel.java:335)
	at org.knime.core.node.NodeModel.execute(NodeModel.java:820)
	at org.knime.core.node.NodeModel.executeModel(NodeModel.java:596)
	at org.knime.core.node.Node.invokeFullyNodeModelExecute(Node.java:1284)
	at org.knime.core.node.Node.execute(Node.java:1049)
	at org.knime.core.node.workflow.NativeNodeContainer.performExecuteNode(NativeNodeContainer.java:603)
	at org.knime.core.node.exec.LocalNodeExecutionJob.mainExecute(LocalNodeExecutionJob.java:98)
	at org.knime.core.node.workflow.NodeExecutionJob.internalRun(NodeExecutionJob.java:198)
	at org.knime.core.node.workflow.NodeExecutionJob.run(NodeExecutionJob.java:117)
	at org.knime.core.util.ThreadUtils$RunnableWithContextImpl.runWithContext(ThreadUtils.java:369)
	at org.knime.core.util.ThreadUtils$RunnableWithContext.run(ThreadUtils.java:223)
	at java.base/java.util.concurrent.Executors$RunnableAdapter.call(Unknown Source)
	at java.base/java.util.concurrent.FutureTask.run(Unknown Source)
	at org.knime.core.util.ThreadPool$MyFuture.run(ThreadPool.java:123)
	at org.knime.core.util.ThreadPool$Worker.run(ThreadPool.java:246)
Caused by: org.knime.core.node.KNIMEException: Could not parse date in cell [Row0, column "OBSERVER ID", row number 1]: Pattern "dd.MM.yyyy HH:mm:ss.S" does not match "obsr2929208".
	at org.knime.core.node.KNIMEException.of(KNIMEException.java:136)
	... 22 more
Caused by: java.time.format.DateTimeParseException: Text 'obsr2929208' could not be parsed at index 0
	at java.base/java.time.format.DateTimeFormatter.parseResolved0(Unknown Source)
	at java.base/java.time.format.DateTimeFormatter.parse(Unknown Source)
	at java.base/java.time.LocalDateTime.parse(Unknown Source)
	at org.knime.time.node.convert.stringtodatetime.StringToDateTimeNodeModel$StringToTimeCellFactory.getCell(StringToDateTimeNodeModel.java:514)
	... 21 more
2025-04-11 18:04:00,435 : WARN  : main :  : Node : Date&Time Part Extractor : 3:17 : Column GLOBAL UNIQUE IDENTIFIER does not contain a Date&Time type.
2025-04-11 18:04:01,172 : WARN  : main :  : Node : Date&Time Part Extractor : 3:17 : Column GLOBAL UNIQUE IDENTIFIER does not contain a Date&Time type.
2025-04-11 18:04:03,231 : ERROR : KNIME-Worker-34-String to Date&Time 3:18 :  : Node : String to Date&Time : 3:18 : Could not parse date in cell [Row0, column "TIME OBSERVATIONS STARTED", row number 1]: Pattern "dd.MM.yyyy HH:mm:ss.S" does not match "16:05:00".
 RowID  |   ..   | OBSERVATION... | TIME OBSERV... | OBSERVER ID
--------+--------+----------------+----------------+-------------
 Row0   | ..     | 2022-04-29     | 16:05:00       | obsr2929208
                                    ^^^^^^^^
Could not parse date in cell [Row0, column "TIME OBSERVATIONS STARTED", row number 1]: Pattern "dd.MM.yyyy HH:mm:ss.S" does not match "16:05:00".
org.knime.core.node.KNIMEException$KNIMERuntimeException: Could not parse date in cell [Row0, column "TIME OBSERVATIONS STARTED", row number 1]: Pattern "dd.MM.yyyy HH:mm:ss.S" does not match "16:05:00".
	at org.knime.core.node.KNIMEException.toUnchecked(KNIMEException.java:145)
	at org.knime.time.node.convert.stringtodatetime.StringToDateTimeNodeModel$StringToTimeCellFactory.getCell(StringToDateTimeNodeModel.java:540)
	at org.knime.core.data.container.SingleCellFactory.getCells(SingleCellFactory.java:105)
	at org.knime.core.data.container.RearrangeColumnsTable.calcNewCellsForRow(RearrangeColumnsTable.java:565)
	at org.knime.core.data.container.RearrangeColumnsTable.calcNewColsSynchronously(RearrangeColumnsTable.java:484)
	at org.knime.core.data.container.RearrangeColumnsTable.create(RearrangeColumnsTable.java:412)
	at org.knime.core.data.container.BufferedTableBackend.rearrange(BufferedTableBackend.java:212)
	at org.knime.core.node.ExecutionContext.createColumnRearrangeTable(ExecutionContext.java:468)
	at org.knime.time.node.convert.stringtodatetime.StringToDateTimeNodeModel.execute(StringToDateTimeNodeModel.java:335)
	at org.knime.core.node.NodeModel.execute(NodeModel.java:820)
	at org.knime.core.node.NodeModel.executeModel(NodeModel.java:596)
	at org.knime.core.node.Node.invokeFullyNodeModelExecute(Node.java:1284)
	at org.knime.core.node.Node.execute(Node.java:1049)
	at org.knime.core.node.workflow.NativeNodeContainer.performExecuteNode(NativeNodeContainer.java:603)
	at org.knime.core.node.exec.LocalNodeExecutionJob.mainExecute(LocalNodeExecutionJob.java:98)
	at org.knime.core.node.workflow.NodeExecutionJob.internalRun(NodeExecutionJob.java:198)
	at org.knime.core.node.workflow.NodeExecutionJob.run(NodeExecutionJob.java:117)
	at org.knime.core.util.ThreadUtils$RunnableWithContextImpl.runWithContext(ThreadUtils.java:369)
	at org.knime.core.util.ThreadUtils$RunnableWithContext.run(ThreadUtils.java:223)
	at java.base/java.util.concurrent.Executors$RunnableAdapter.call(Unknown Source)
	at java.base/java.util.concurrent.FutureTask.run(Unknown Source)
	at org.knime.core.util.ThreadPool$MyFuture.run(ThreadPool.java:123)
	at org.knime.core.util.ThreadPool$Worker.run(ThreadPool.java:246)
Caused by: org.knime.core.node.KNIMEException: Could not parse date in cell [Row0, column "TIME OBSERVATIONS STARTED", row number 1]: Pattern "dd.MM.yyyy HH:mm:ss.S" does not match "16:05:00".
	at org.knime.core.node.KNIMEException.of(KNIMEException.java:136)
	... 22 more
Caused by: java.time.format.DateTimeParseException: Text '16:05:00' could not be parsed at index 2
	at java.base/java.time.format.DateTimeFormatter.parseResolved0(Unknown Source)
	at java.base/java.time.format.DateTimeFormatter.parse(Unknown Source)
	at java.base/java.time.LocalDateTime.parse(Unknown Source)
	at org.knime.time.node.convert.stringtodatetime.StringToDateTimeNodeModel$StringToTimeCellFactory.getCell(StringToDateTimeNodeModel.java:514)
	... 21 more
2025-04-11 18:04:03,234 : WARN  : KNIME-Worker-34-String to Date&Time 3:18 :  : Node : Date&Time Part Extractor : 3:17 : Column GLOBAL UNIQUE IDENTIFIER does not contain a Date&Time type.
2025-04-11 18:04:19,635 : WARN  : main :  : Node : Date&Time Part Extractor : 3:17 : Column GLOBAL UNIQUE IDENTIFIER does not contain a Date&Time type.
2025-04-11 18:04:20,540 : WARN  : main :  : Node : Date&Time Part Extractor : 3:17 : Column GLOBAL UNIQUE IDENTIFIER does not contain a Date&Time type.
2025-04-11 18:04:22,271 : WARN  : KNIME-Worker-35-String to Date&Time 3:18 :  : Node : Date&Time Part Extractor : 3:17 : Column GLOBAL UNIQUE IDENTIFIER does not contain a Date&Time type.
2025-04-11 18:04:29,885 : WARN  : comm-pool-thread-1 :  : Node : Domain Calculator : 3:16 : Input table does not contain the following column(s) selected in the Min/Max value panel: "TIME OBSERVATIONS STARTED_time"
2025-04-11 18:04:46,882 : WARN  : KNIME-Worker-33-Partitioning 3:10 :  : Node : Domain Calculator : 3:16 : Input table does not contain the following column(s) selected in the Min/Max value panel: "TIME OBSERVATIONS STARTED_time"
2025-04-11 18:04:51,448 : WARN  : main :  : Node : Domain Calculator : 3:16 : Input table does not contain the following column(s) selected in the Min/Max value panel: "TIME OBSERVATIONS STARTED_time"
2025-04-11 18:05:14,280 : WARN  : main :  : Node : Domain Calculator : 3:16 : Input table does not contain the following column(s) selected in the Min/Max value panel: "TIME OBSERVATIONS STARTED_time"
2025-04-11 18:05:15,482 : WARN  : main :  : Node : Domain Calculator : 3:16 : Input table does not contain the following column(s) selected in the Min/Max value panel: "TIME OBSERVATIONS STARTED_time"
2025-04-11 18:06:23,292 : WARN  : comm-pool-thread-1 :  : Node : Domain Calculator : 3:16 : Input table does not contain the following column(s) selected in the Min/Max value panel: "TIME OBSERVATIONS STARTED_time"
2025-04-11 18:06:35,810 : WARN  : KNIME-Worker-41-Partitioning 3:10 :  : Node : Domain Calculator : 3:16 : Input table does not contain the following column(s) selected in the Min/Max value panel: "TIME OBSERVATIONS STARTED_time"
2025-04-11 18:06:42,865 : WARN  : main :  : Node : Domain Calculator : 3:16 : Input table does not contain the following column(s) selected in the Min/Max value panel: "TIME OBSERVATIONS STARTED_time"
2025-04-11 18:06:44,121 : WARN  : main :  : Node : Domain Calculator : 3:16 : Input table does not contain the following column(s) selected in the Min/Max value panel: "TIME OBSERVATIONS STARTED_time"
2025-04-11 18:06:50,910 : WARN  : main :  : Node : Domain Calculator : 3:16 : Input table does not contain the following column(s) selected in the Min/Max value panel: "TIME OBSERVATIONS STARTED_time"
2025-04-11 18:06:52,031 : WARN  : main :  : Node : Domain Calculator : 3:16 : Input table does not contain the following column(s) selected in the Min/Max value panel: "TIME OBSERVATIONS STARTED_time"
2025-04-12 11:04:35,578 : ERROR : main :  : ProjectAPI :  :  : Workflow with ID 'projet_f8853ad7-961e-4472-b090-13e685b91444' couldn't be loaded. Workflow closed.
2025-04-12 11:04:35,774 : WARN  : comm-pool-thread-1 :  : JsonRpcErrorResolver :  :  : An unexpected json rpc error occurred
java.util.NoSuchElementException: Workflow project for ID "projet_f8853ad7-961e-4472-b090-13e685b91444" not found.
	at org.knime.gateway.impl.service.util.DefaultServiceUtil.lambda$0(DefaultServiceUtil.java:126)
	at java.base/java.util.Optional.orElseThrow(Unknown Source)
	at org.knime.gateway.impl.service.util.DefaultServiceUtil.getRootWorkflowManager(DefaultServiceUtil.java:125)
	at org.knime.gateway.impl.service.util.DefaultServiceUtil.getWorkflowManager(DefaultServiceUtil.java:155)
	at org.knime.gateway.impl.webui.WorkflowMiddleware$WorkflowState.<init>(WorkflowMiddleware.java:434)
	at org.knime.gateway.impl.webui.WorkflowMiddleware.createWorkflowStateAndEventuallyClearCache(WorkflowMiddleware.java:388)
	at java.base/java.util.concurrent.ConcurrentHashMap.computeIfAbsent(Unknown Source)
	at org.knime.gateway.impl.webui.WorkflowMiddleware.getWorkflowState(WorkflowMiddleware.java:384)
	at org.knime.gateway.impl.webui.WorkflowMiddleware.buildWorkflowSnapshotEnt(WorkflowMiddleware.java:188)
	at org.knime.gateway.impl.webui.service.DefaultWorkflowService.getWorkflow(DefaultWorkflowService.java:125)
	at org.knime.gateway.impl.webui.jsonrpc.service.JsonRpcWorkflowServiceWrapper.getWorkflow(JsonRpcWorkflowServiceWrapper.java:124)
	at java.base/jdk.internal.reflect.NativeMethodAccessorImpl.invoke0(Native Method)
	at java.base/jdk.internal.reflect.NativeMethodAccessorImpl.invoke(Unknown Source)
	at java.base/jdk.internal.reflect.DelegatingMethodAccessorImpl.invoke(Unknown Source)
	at java.base/java.lang.reflect.Method.invoke(Unknown Source)
	at com.googlecode.jsonrpc4j.JsonRpcBasicServer.invoke(JsonRpcBasicServer.java:478)
	at com.googlecode.jsonrpc4j.JsonRpcBasicServer.handleObject(JsonRpcBasicServer.java:349)
	at com.googlecode.jsonrpc4j.JsonRpcBasicServer.handleJsonNodeRequest(JsonRpcBasicServer.java:274)
	at com.googlecode.jsonrpc4j.JsonRpcBasicServer.handleRequest(JsonRpcBasicServer.java:242)
	at org.knime.gateway.impl.jsonrpc.JsonRpcRequestHandler.handle(JsonRpcRequestHandler.java:104)
	at org.knime.ui.java.browser.lifecycle.Init.lambda$13(Init.java:290)
	at com.equo.comm.common.MessageHandler.processReceivedEventMessage(MessageHandler.java:131)
	at com.equo.comm.ee.provider.service.ChromiumService.receiveMessage(ChromiumService.java:98)
	at com.equo.comm.ee.provider.CommunicationManagerChromiumImpl.receiveMessage(CommunicationManagerChromiumImpl.java:48)
	at com.equo.chromium.swt.internal.spi.CommRouterHandler.handleRequest(CommRouterHandler.java:33)
	at com.equo.chromium.swt.internal.spi.CommRouterHandler.lambda$1(CommRouterHandler.java:51)
	at java.base/java.util.concurrent.ThreadPoolExecutor.runWorker(Unknown Source)
	at java.base/java.util.concurrent.ThreadPoolExecutor$Worker.run(Unknown Source)
	at java.base/java.lang.Thread.run(Unknown Source)
2025-04-12 11:04:35,900 : ERROR : main :  : KnimeBrowserView :  :  : %cerror%c RPC Client:: Error RPC request 
      background: #c0392b;
      border-radius: 0.5em;
      color: white;
      font-weight: bold;
      padding: 2px 0.5em;
      Error: Workflow project for ID "projet_f8853ad7-961e-4472-b090-13e685b91444" not found. (source: http://org.knime.ui.java/assets/index-L_Vmx7rg.js; line: 87)
2025-04-12 11:04:35,911 : ERROR : main :  : KnimeBrowserView :  :  : %cerror%c lifecycle::loadWorkflow failed to load workflow 
      background: #c0392b;
      border-radius: 0.5em;
      color: white;
      font-weight: bold;
      padding: 2px 0.5em;
      [object Object] (source: http://org.knime.ui.java/assets/index-L_Vmx7rg.js; line: 87)
2025-04-12 11:05:06,273 : WARN  : main :  : VMFileLocker :  :  : Directory '/home/florent/Documents/projet/analysis/Fouille' does not exist (any more), cannot unlock it
2025-04-24 09:29:38,208 : ERROR : main :  : ProjectAPI :  :  : Workflow with ID 'Fouille_6e5ebf90-afe9-4f47-985e-5366e1fa534e' couldn't be loaded. Workflow closed.
2025-04-24 09:29:38,323 : WARN  : comm-pool-thread-1 :  : JsonRpcErrorResolver :  :  : An unexpected json rpc error occurred
java.util.NoSuchElementException: Workflow project for ID "Fouille_6e5ebf90-afe9-4f47-985e-5366e1fa534e" not found.
	at org.knime.gateway.impl.service.util.DefaultServiceUtil.lambda$0(DefaultServiceUtil.java:126)
	at java.base/java.util.Optional.orElseThrow(Unknown Source)
	at org.knime.gateway.impl.service.util.DefaultServiceUtil.getRootWorkflowManager(DefaultServiceUtil.java:125)
	at org.knime.gateway.impl.service.util.DefaultServiceUtil.getWorkflowManager(DefaultServiceUtil.java:155)
	at org.knime.gateway.impl.webui.WorkflowMiddleware$WorkflowState.<init>(WorkflowMiddleware.java:434)
	at org.knime.gateway.impl.webui.WorkflowMiddleware.createWorkflowStateAndEventuallyClearCache(WorkflowMiddleware.java:388)
	at java.base/java.util.concurrent.ConcurrentHashMap.computeIfAbsent(Unknown Source)
	at org.knime.gateway.impl.webui.WorkflowMiddleware.getWorkflowState(WorkflowMiddleware.java:384)
	at org.knime.gateway.impl.webui.WorkflowMiddleware.buildWorkflowSnapshotEnt(WorkflowMiddleware.java:188)
	at org.knime.gateway.impl.webui.service.DefaultWorkflowService.getWorkflow(DefaultWorkflowService.java:125)
	at org.knime.gateway.impl.webui.jsonrpc.service.JsonRpcWorkflowServiceWrapper.getWorkflow(JsonRpcWorkflowServiceWrapper.java:124)
	at java.base/jdk.internal.reflect.NativeMethodAccessorImpl.invoke0(Native Method)
	at java.base/jdk.internal.reflect.NativeMethodAccessorImpl.invoke(Unknown Source)
	at java.base/jdk.internal.reflect.DelegatingMethodAccessorImpl.invoke(Unknown Source)
	at java.base/java.lang.reflect.Method.invoke(Unknown Source)
	at com.googlecode.jsonrpc4j.JsonRpcBasicServer.invoke(JsonRpcBasicServer.java:478)
	at com.googlecode.jsonrpc4j.JsonRpcBasicServer.handleObject(JsonRpcBasicServer.java:349)
	at com.googlecode.jsonrpc4j.JsonRpcBasicServer.handleJsonNodeRequest(JsonRpcBasicServer.java:274)
	at com.googlecode.jsonrpc4j.JsonRpcBasicServer.handleRequest(JsonRpcBasicServer.java:242)
	at org.knime.gateway.impl.jsonrpc.JsonRpcRequestHandler.handle(JsonRpcRequestHandler.java:104)
	at org.knime.ui.java.browser.lifecycle.Init.lambda$13(Init.java:290)
	at com.equo.comm.common.MessageHandler.processReceivedEventMessage(MessageHandler.java:131)
	at com.equo.comm.ee.provider.service.ChromiumService.receiveMessage(ChromiumService.java:98)
	at com.equo.comm.ee.provider.CommunicationManagerChromiumImpl.receiveMessage(CommunicationManagerChromiumImpl.java:48)
	at com.equo.chromium.swt.internal.spi.CommRouterHandler.handleRequest(CommRouterHandler.java:33)
	at com.equo.chromium.swt.internal.spi.CommRouterHandler.lambda$1(CommRouterHandler.java:51)
	at java.base/java.util.concurrent.ThreadPoolExecutor.runWorker(Unknown Source)
	at java.base/java.util.concurrent.ThreadPoolExecutor$Worker.run(Unknown Source)
	at java.base/java.lang.Thread.run(Unknown Source)
2025-04-24 09:29:38,590 : ERROR : main :  : KnimeBrowserView :  :  : %cerror%c RPC Client:: Error RPC request 
      background: #c0392b;
      border-radius: 0.5em;
      color: white;
      font-weight: bold;
      padding: 2px 0.5em;
      Error: Workflow project for ID "Fouille_6e5ebf90-afe9-4f47-985e-5366e1fa534e" not found. (source: http://org.knime.ui.java/assets/index-L_Vmx7rg.js; line: 87)
2025-04-24 09:29:38,597 : ERROR : main :  : KnimeBrowserView :  :  : %cerror%c lifecycle::loadWorkflow failed to load workflow 
      background: #c0392b;
      border-radius: 0.5em;
      color: white;
      font-weight: bold;
      padding: 2px 0.5em;
      [object Object] (source: http://org.knime.ui.java/assets/index-L_Vmx7rg.js; line: 87)
2025-04-24 09:29:42,719 : ERROR : KNIME-Worker-0 :  : ThreadPool :  :  : An exception occurred while executing a runnable.
java.lang.IllegalStateException: bundle org.eclipse.equinox.p2.repository is not started
	at org.eclipse.equinox.internal.p2.repository.Activator.getContext(Activator.java:65)
	at org.eclipse.equinox.internal.p2.repository.helpers.AbstractRepositoryManager.getPreferences(AbstractRepositoryManager.java:510)
	at org.eclipse.equinox.internal.p2.repository.helpers.AbstractRepositoryManager.remember(AbstractRepositoryManager.java:900)
	at org.eclipse.equinox.internal.p2.repository.helpers.AbstractRepositoryManager.addRepository(AbstractRepositoryManager.java:171)
	at org.eclipse.equinox.internal.p2.repository.helpers.AbstractRepositoryManager.loadRepository(AbstractRepositoryManager.java:676)
	at org.eclipse.equinox.internal.p2.metadata.repository.MetadataRepositoryManager.loadRepository(MetadataRepositoryManager.java:110)
	at org.eclipse.equinox.internal.p2.metadata.repository.MetadataRepositoryManager.loadRepository(MetadataRepositoryManager.java:105)
	at org.eclipse.equinox.p2.engine.ProvisioningContext.loadMetadataRepository(ProvisioningContext.java:243)
	at org.eclipse.equinox.p2.engine.ProvisioningContext.getLoadedMetadataRepositories(ProvisioningContext.java:225)
	at org.eclipse.equinox.p2.engine.ProvisioningContext.getMetadata(ProvisioningContext.java:306)
	at org.eclipse.equinox.internal.p2.director.SimplePlanner.updatesFor(SimplePlanner.java:962)
	at org.eclipse.equinox.p2.operations.UpdateOperation.updatesFor(UpdateOperation.java:144)
	at org.eclipse.equinox.p2.operations.UpdateOperation.computeProfileChangeRequest(UpdateOperation.java:180)
	at org.eclipse.equinox.p2.operations.UpdateOperation.lambda$0(UpdateOperation.java:315)
	at org.eclipse.equinox.internal.p2.operations.SearchForUpdatesResolutionJob.runModal(SearchForUpdatesResolutionJob.java:41)
	at org.eclipse.equinox.p2.operations.ProfileChangeOperation.resolveModal(ProfileChangeOperation.java:117)
	at org.knime.product.rcp.intro.UpdateDetector.checkForBugfixes(UpdateDetector.java:120)
	at org.knime.ui.java.util.DesktopAPUtil.checkForUpdate(DesktopAPUtil.java:254)
	at org.knime.gateway.impl.webui.UpdateStateProvider.lambda$0(UpdateStateProvider.java:86)
	at java.base/java.util.concurrent.Executors$RunnableAdapter.call(Unknown Source)
	at java.base/java.util.concurrent.FutureTask.run(Unknown Source)
	at org.knime.core.util.ThreadPool$MyFuture.run(ThreadPool.java:123)
	at org.knime.core.util.ThreadPool$Worker.run(ThreadPool.java:246)
